Traceback (most recent call last):
  File "/srv/conda/envs/notebook/lib/python3.8/site-packages/jupyter_cache/executors/utils.py", line 51, in single_nb_execution
    executenb(
  File "/srv/conda/envs/notebook/lib/python3.8/site-packages/nbclient/client.py", line 1107, in execute
    return NotebookClient(nb=nb, resources=resources, km=km, **kwargs).execute()
  File "/srv/conda/envs/notebook/lib/python3.8/site-packages/nbclient/util.py", line 74, in wrapped
    return just_run(coro(*args, **kwargs))
  File "/srv/conda/envs/notebook/lib/python3.8/site-packages/nbclient/util.py", line 53, in just_run
    return loop.run_until_complete(coro)
  File "/srv/conda/envs/notebook/lib/python3.8/asyncio/base_events.py", line 616, in run_until_complete
    return future.result()
  File "/srv/conda/envs/notebook/lib/python3.8/site-packages/nbclient/client.py", line 553, in async_execute
    await self.async_execute_cell(
  File "/srv/conda/envs/notebook/lib/python3.8/site-packages/nbclient/client.py", line 852, in async_execute_cell
    self._check_raise_for_error(cell, exec_reply)
  File "/srv/conda/envs/notebook/lib/python3.8/site-packages/nbclient/client.py", line 760, in _check_raise_for_error
    raise CellExecutionError.from_cell_and_msg(cell, exec_reply_content)
nbclient.exceptions.CellExecutionError: An error occurred while executing the following cell:
------------------
# d = df[['veg_class', 'depth_class']].groupby(df['site_id']).groups
# gb = df.groupby(['veg_class', 'site_id']).count()
# gb = df.groupby(['site_id']).count()
df['veg_class'].groupby('veg_class').count()

# print(gb)
------------------

[0;31m---------------------------------------------------------------------------[0m
[0;31mKeyError[0m                                  Traceback (most recent call last)
[0;32m<ipython-input-8-0bf2b49e8d55>[0m in [0;36m<module>[0;34m[0m
[1;32m      2[0m [0;31m# gb = df.groupby(['veg_class', 'site_id']).count()[0m[0;34m[0m[0;34m[0m[0;34m[0m[0m
[1;32m      3[0m [0;31m# gb = df.groupby(['site_id']).count()[0m[0;34m[0m[0;34m[0m[0;34m[0m[0m
[0;32m----> 4[0;31m [0mdf[0m[0;34m[[0m[0;34m'veg_class'[0m[0;34m][0m[0;34m.[0m[0mgroupby[0m[0;34m([0m[0;34m'veg_class'[0m[0;34m)[0m[0;34m.[0m[0mcount[0m[0;34m([0m[0;34m)[0m[0;34m[0m[0;34m[0m[0m
[0m[1;32m      5[0m [0;34m[0m[0m
[1;32m      6[0m [0;31m# print(gb)[0m[0;34m[0m[0;34m[0m[0;34m[0m[0m

[0;32m/srv/conda/envs/notebook/lib/python3.8/site-packages/pandas/core/series.py[0m in [0;36mgroupby[0;34m(self, by, axis, level, as_index, sort, group_keys, squeeze, observed, dropna)[0m
[1;32m   1718[0m         [0maxis[0m [0;34m=[0m [0mself[0m[0;34m.[0m[0m_get_axis_number[0m[0;34m([0m[0maxis[0m[0;34m)[0m[0;34m[0m[0;34m[0m[0m
[1;32m   1719[0m [0;34m[0m[0m
[0;32m-> 1720[0;31m         return SeriesGroupBy(
[0m[1;32m   1721[0m             [0mobj[0m[0;34m=[0m[0mself[0m[0;34m,[0m[0;34m[0m[0;34m[0m[0m
[1;32m   1722[0m             [0mkeys[0m[0;34m=[0m[0mby[0m[0;34m,[0m[0;34m[0m[0;34m[0m[0m

[0;32m/srv/conda/envs/notebook/lib/python3.8/site-packages/pandas/core/groupby/groupby.py[0m in [0;36m__init__[0;34m(self, obj, keys, axis, level, grouper, exclusions, selection, as_index, sort, group_keys, squeeze, observed, mutated, dropna)[0m
[1;32m    558[0m             [0;32mfrom[0m [0mpandas[0m[0;34m.[0m[0mcore[0m[0;34m.[0m[0mgroupby[0m[0;34m.[0m[0mgrouper[0m [0;32mimport[0m [0mget_grouper[0m[0;34m[0m[0;34m[0m[0m
[1;32m    559[0m [0;34m[0m[0m
[0;32m--> 560[0;31m             grouper, exclusions, obj = get_grouper(
[0m[1;32m    561[0m                 [0mobj[0m[0;34m,[0m[0;34m[0m[0;34m[0m[0m
[1;32m    562[0m                 [0mkeys[0m[0;34m,[0m[0;34m[0m[0;34m[0m[0m

[0;32m/srv/conda/envs/notebook/lib/python3.8/site-packages/pandas/core/groupby/grouper.py[0m in [0;36mget_grouper[0;34m(obj, key, axis, level, sort, observed, mutated, validate, dropna)[0m
[1;32m    809[0m                 [0min_axis[0m[0;34m,[0m [0mname[0m[0;34m,[0m [0mlevel[0m[0;34m,[0m [0mgpr[0m [0;34m=[0m [0;32mFalse[0m[0;34m,[0m [0;32mNone[0m[0;34m,[0m [0mgpr[0m[0;34m,[0m [0;32mNone[0m[0;34m[0m[0;34m[0m[0m
[1;32m    810[0m             [0;32melse[0m[0;34m:[0m[0;34m[0m[0;34m[0m[0m
[0;32m--> 811[0;31m                 [0;32mraise[0m [0mKeyError[0m[0;34m([0m[0mgpr[0m[0;34m)[0m[0;34m[0m[0;34m[0m[0m
[0m[1;32m    812[0m         [0;32melif[0m [0misinstance[0m[0;34m([0m[0mgpr[0m[0;34m,[0m [0mGrouper[0m[0;34m)[0m [0;32mand[0m [0mgpr[0m[0;34m.[0m[0mkey[0m [0;32mis[0m [0;32mnot[0m [0;32mNone[0m[0;34m:[0m[0;34m[0m[0;34m[0m[0m
[1;32m    813[0m             [0;31m# Add key to exclusions[0m[0;34m[0m[0;34m[0m[0;34m[0m[0m

[0;31mKeyError[0m: 'veg_class'
KeyError: 'veg_class'

